2018-04-07 21:28:48 INFO  TestBase:57 - Creating instance of chrome browser
2018-04-07 21:28:50 INFO  TestBase:47 - Navigating to URL : http://www.arvato.ee
2018-04-07 21:28:58 INFO  TC01_VerifyPage:32 - ********Starting Test for TC01_VerifyPage->verifyTitle()********
2018-04-07 21:28:58 INFO  HomePage:24 - Verifying Logo
2018-04-07 21:28:58 INFO  TC01_VerifyPage:35 - ********Finished Test for TC01_VerifyPage->verifyTitle()********
2018-04-07 21:28:58 INFO  TC01_VerifyPage:40 - ********Starting Test for TC01_VerifyPage->verifyTitle()********
2018-04-07 21:28:58 INFO  HomePage:31 - Verifying Logo
2018-04-07 21:28:58 INFO  TestBase:95 - Browser closed
2018-04-07 21:32:37 INFO  TestBase:57 - Creating instance of chrome browser
2018-04-07 21:32:39 INFO  TestBase:47 - Navigating to URL : http://www.arvato.ee
2018-04-07 21:32:47 INFO  TC01_VerifyPage:32 - ********Starting Test for TC01_VerifyPage->verifyTitle()********
2018-04-07 21:32:47 INFO  HomePage:24 - Verifying Logo
2018-04-07 21:32:47 INFO  TC01_VerifyPage:35 - ********Finished Test for TC01_VerifyPage->verifyTitle()********
2018-04-07 21:32:47 INFO  TC01_VerifyPage:40 - ********Starting Test for TC01_VerifyPage->verifyTitle()********
2018-04-07 21:32:47 INFO  HomePage:31 - Verifying Logo
2018-04-07 21:32:48 INFO  TestBase:95 - Browser closed
2018-04-07 22:21:45 INFO  TestBase:69 - Creating instance of chrome browser
2018-04-07 22:21:46 INFO  TestBase:59 - Navigating to URL : http://www.arvato.ee
2018-04-07 22:21:56 INFO  TC01_VerifyPage:30 - ********Starting Test for TC01_VerifyPage->verifyTitle()********
2018-04-07 22:21:56 INFO  HomePage:24 - Verifying Logo
2018-04-07 22:21:56 INFO  TC01_VerifyPage:33 - ********Finished Test for TC01_VerifyPage->verifyTitle()********
2018-04-07 22:21:56 INFO  TC01_VerifyPage:38 - ********Starting Test for TC01_VerifyPage->verifyTitle()********
2018-04-07 22:21:56 INFO  HomePage:31 - Verifying Logo
2018-04-07 22:21:59 INFO  TestBase:108 - Browser closed
2018-04-07 22:26:35 INFO  TestBase:69 - Creating instance of chrome browser
2018-04-07 22:26:36 INFO  TestBase:59 - Navigating to URL : http://www.arvato.ee
2018-04-07 22:26:46 INFO  TC01_VerifyPage:30 - ********Starting Test for TC01_VerifyPage->verifyTitle()********
2018-04-07 22:26:46 INFO  HomePage:24 - Verifying Logo
2018-04-07 22:26:46 INFO  TC01_VerifyPage:33 - ********Finished Test for TC01_VerifyPage->verifyTitle()********
2018-04-07 22:26:46 INFO  TC01_VerifyPage:38 - ********Starting Test for TC01_VerifyPage->verifyTitle()********
2018-04-07 22:26:46 INFO  HomePage:31 - Verifying Logo
2018-04-07 22:26:48 INFO  TestBase:108 - Browser closed
2018-04-07 22:29:30 INFO  TestBase:69 - Creating instance of chrome browser
2018-04-07 22:29:31 INFO  TestBase:59 - Navigating to URL : http://www.arvato.ee
2018-04-07 22:29:41 INFO  TC01_VerifyPage:30 - ********Starting Test for TC01_VerifyPage->verifyTitle()********
2018-04-07 22:29:41 INFO  HomePage:24 - Verifying Logo
2018-04-07 22:29:41 INFO  TC01_VerifyPage:33 - ********Finished Test for TC01_VerifyPage->verifyTitle()********
2018-04-07 22:29:41 INFO  TC01_VerifyPage:38 - ********Starting Test for TC01_VerifyPage->verifyTitle()********
2018-04-07 22:29:41 INFO  HomePage:31 - Verifying Logo
2018-04-07 22:29:44 INFO  TestBase:108 - Browser closed
2018-04-07 22:39:13 INFO  TestBase:69 - Creating instance of chrome browser
2018-04-07 22:39:15 INFO  TestBase:59 - Navigating to URL : http://www.arvato.ee
2018-04-07 22:39:24 INFO  TC01_VerifyPage:30 - ********Starting Test for TC01_VerifyPage->verifyTitle()********
2018-04-07 22:39:24 INFO  HomePage:24 - Verifying Logo
2018-04-07 22:39:24 INFO  TC01_VerifyPage:33 - ********Finished Test for TC01_VerifyPage->verifyTitle()********
2018-04-07 22:39:24 INFO  TC01_VerifyPage:38 - ********Starting Test for TC01_VerifyPage->verifyTitle()********
2018-04-07 22:39:24 INFO  HomePage:31 - Verifying Logo
2018-04-07 22:39:26 INFO  TestBase:108 - Browser closed
2018-04-07 22:43:58 INFO  TestBase:69 - Creating instance of chrome browser
2018-04-07 22:43:59 INFO  TestBase:59 - Navigating to URL : http://www.arvato.ee
2018-04-07 22:44:08 INFO  TC01_VerifyPage:30 - ********Starting Test for TC01_VerifyPage->verifyTitle()********
2018-04-07 22:44:08 INFO  HomePage:24 - Verifying Logo
2018-04-07 22:44:09 INFO  TC01_VerifyPage:33 - ********Finished Test for TC01_VerifyPage->verifyTitle()********
2018-04-07 22:44:09 INFO  TC01_VerifyPage:38 - ********Starting Test for TC01_VerifyPage->verifyTitle()********
2018-04-07 22:44:09 INFO  HomePage:31 - Verifying Logo
2018-04-07 22:44:11 INFO  TestBase:108 - Browser closed
2018-04-07 22:52:19 INFO  TestBase:69 - Creating instance of chrome browser
2018-04-07 22:52:20 INFO  TestBase:59 - Navigating to URL : http://www.arvato.ee
2018-04-07 22:52:29 INFO  TC01_VerifyPage:30 - ********Starting Test for TC01_VerifyPage->verifyTitle()********
2018-04-07 22:52:29 INFO  HomePage:24 - Verifying Logo
2018-04-07 22:52:29 INFO  TC01_VerifyPage:33 - ********Finished Test for TC01_VerifyPage->verifyTitle()********
2018-04-07 22:52:29 INFO  TC01_VerifyPage:38 - ********Starting Test for TC01_VerifyPage->verifyTitle()********
2018-04-07 22:52:29 INFO  HomePage:31 - Verifying Logo
2018-04-07 22:52:32 INFO  TestBase:108 - Browser closed
2018-04-07 22:53:38 INFO  TestBase:69 - Creating instance of chrome browser
2018-04-07 22:53:39 INFO  TestBase:59 - Navigating to URL : http://www.arvato.ee
2018-04-07 22:53:48 INFO  TC01_VerifyPage:30 - ********Starting Test for TC01_VerifyPage->verifyTitle()********
2018-04-07 22:53:48 INFO  HomePage:24 - Verifying Logo
2018-04-07 22:53:48 INFO  TC01_VerifyPage:33 - ********Finished Test for TC01_VerifyPage->verifyTitle()********
2018-04-07 22:53:48 INFO  TC01_VerifyPage:38 - ********Starting Test for TC01_VerifyPage->verifyTitle()********
2018-04-07 22:53:48 INFO  HomePage:31 - Verifying Logo
2018-04-07 22:53:50 INFO  TestBase:108 - Browser closed
2018-04-07 23:28:15 INFO  TestBase:69 - Creating instance of chrome browser
2018-04-07 23:28:16 INFO  TestBase:59 - Navigating to URL : http://www.arvato.ee
2018-04-07 23:28:26 INFO  TestBase:69 - Creating instance of chrome browser
2018-04-07 23:28:27 INFO  TestBase:59 - Navigating to URL : http://www.arvato.ee
2018-04-07 23:28:36 INFO  TC01_VerifyPage:30 - ********Starting Test for TC01_VerifyPage->verifyTitle()********
2018-04-07 23:28:36 INFO  HomePage:24 - Verifying Logo
2018-04-07 23:28:36 INFO  TC01_VerifyPage:33 - ********Finished Test for TC01_VerifyPage->verifyTitle()********
2018-04-07 23:28:36 INFO  TC01_VerifyPage:38 - ********Starting Test for TC01_VerifyPage->verifyTitle()********
2018-04-07 23:28:36 INFO  HomePage:31 - Verifying Logo
2018-04-07 23:28:39 INFO  TestBase:108 - Browser closed
2018-04-07 23:28:39 INFO  TC02_VerifyPage:30 - ********Starting Test for TC02_VerifyPage->verifyTitle()********
2018-04-07 23:28:39 INFO  HomePage:24 - Verifying Logo
2018-04-07 23:28:39 INFO  TC02_VerifyPage:33 - ********Finished Test for TC02_VerifyPage->verifyTitle()********
2018-04-07 23:28:39 INFO  TC02_VerifyPage:38 - ********Starting Test for TC02_VerifyPage->verifyTitle()********
2018-04-07 23:28:39 INFO  HomePage:31 - Verifying Logo
2018-04-07 23:28:42 INFO  TestBase:108 - Browser closed
2018-04-07 23:30:51 INFO  TestBase:69 - Creating instance of chrome browser
2018-04-07 23:30:52 INFO  TestBase:59 - Navigating to URL : http://www.arvato.ee
2018-04-07 23:31:01 INFO  TestBase:69 - Creating instance of chrome browser
2018-04-07 23:31:02 INFO  TestBase:59 - Navigating to URL : http://www.arvato.ee
2018-04-07 23:31:10 INFO  TC01_VerifyPage:30 - ********Starting Test for TC01_VerifyPage->verifyTitle()********
2018-04-07 23:31:10 INFO  HomePage:24 - Verifying Logo
2018-04-07 23:31:10 INFO  TC01_VerifyPage:33 - ********Finished Test for TC01_VerifyPage->verifyTitle()********
2018-04-07 23:31:10 INFO  TC01_VerifyPage:38 - ********Starting Test for TC01_VerifyPage->verifyTitle()********
2018-04-07 23:31:10 INFO  HomePage:31 - Verifying Logo
2018-04-07 23:31:13 INFO  TestBase:108 - Browser closed
2018-04-07 23:31:13 INFO  TC02_VerifyPage:30 - ********Starting Test for TC02_VerifyPage->verifyTitle()********
2018-04-07 23:31:13 INFO  HomePage:24 - Verifying Logo
2018-04-07 23:31:13 INFO  TC02_VerifyPage:33 - ********Finished Test for TC02_VerifyPage->verifyTitle()********
2018-04-07 23:31:13 INFO  TC02_VerifyPage:38 - ********Starting Test for TC02_VerifyPage->verifyTitle()********
2018-04-07 23:31:13 INFO  HomePage:31 - Verifying Logo
2018-04-07 23:31:16 INFO  TestBase:108 - Browser closed
2018-04-07 23:33:55 INFO  TestBase:69 - Creating instance of chrome browser
2018-04-07 23:33:56 INFO  TestBase:59 - Navigating to URL : http://www.arvato.ee
2018-04-07 23:34:04 INFO  TestBase:69 - Creating instance of chrome browser
2018-04-07 23:34:05 INFO  TestBase:59 - Navigating to URL : http://www.arvato.ee
2018-04-07 23:34:14 INFO  TC01_VerifyPage:30 - ********Starting Test for TC01_VerifyPage->verifyTitle()********
2018-04-07 23:34:14 INFO  TC02_VerifyPage:30 - ********Starting Test for TC02_VerifyPage->verifyTitle()********
2018-04-07 23:34:14 INFO  HomePage:24 - Verifying Logo
2018-04-07 23:34:14 INFO  HomePage:24 - Verifying Logo
2018-04-07 23:34:14 INFO  TC02_VerifyPage:33 - ********Finished Test for TC02_VerifyPage->verifyTitle()********
2018-04-07 23:34:14 INFO  TC01_VerifyPage:33 - ********Finished Test for TC01_VerifyPage->verifyTitle()********
2018-04-07 23:34:14 INFO  TC02_VerifyPage:38 - ********Starting Test for TC02_VerifyPage->verifyTitle()********
2018-04-07 23:34:14 INFO  HomePage:31 - Verifying Logo
2018-04-07 23:34:14 INFO  TC01_VerifyPage:38 - ********Starting Test for TC01_VerifyPage->verifyTitle()********
2018-04-07 23:34:14 INFO  HomePage:31 - Verifying Logo
2018-04-07 23:34:17 INFO  TestBase:108 - Browser closed
2018-04-07 23:34:17 INFO  TestBase:108 - Browser closed
2018-04-07 23:35:59 INFO  TestBase:69 - Creating instance of chrome browser
2018-04-07 23:36:00 INFO  TestBase:59 - Navigating to URL : http://www.arvato.ee
2018-04-07 23:36:08 INFO  TestBase:69 - Creating instance of chrome browser
2018-04-07 23:36:09 INFO  TestBase:59 - Navigating to URL : http://www.arvato.ee
2018-04-07 23:36:17 INFO  TC01_VerifyPage:30 - ********Starting Test for TC01_VerifyPage->verifyTitle()********
2018-04-07 23:36:17 INFO  TC02_VerifyPage:30 - ********Starting Test for TC02_VerifyPage->verifyTitle()********
2018-04-07 23:36:17 INFO  HomePage:24 - Verifying Logo
2018-04-07 23:36:17 INFO  HomePage:24 - Verifying Logo
2018-04-07 23:36:17 INFO  TC01_VerifyPage:33 - ********Finished Test for TC01_VerifyPage->verifyTitle()********
2018-04-07 23:36:17 INFO  TC02_VerifyPage:33 - ********Finished Test for TC02_VerifyPage->verifyTitle()********
2018-04-07 23:36:17 INFO  TC01_VerifyPage:38 - ********Starting Test for TC01_VerifyPage->verifyTitle()********
2018-04-07 23:36:17 INFO  HomePage:31 - Verifying Logo
2018-04-07 23:36:17 INFO  TC02_VerifyPage:38 - ********Starting Test for TC02_VerifyPage->verifyTitle()********
2018-04-07 23:36:17 INFO  HomePage:31 - Verifying Logo
2018-04-07 23:36:20 INFO  TestBase:108 - Browser closed
2018-04-07 23:36:46 INFO  TestBase:108 - Browser closed
2018-04-07 23:38:00 INFO  TestBase:69 - Creating instance of chrome browser
2018-04-07 23:38:01 INFO  TestBase:59 - Navigating to URL : http://www.arvato.ee
2018-04-07 23:38:10 INFO  TestBase:69 - Creating instance of chrome browser
2018-04-07 23:38:10 INFO  TestBase:59 - Navigating to URL : http://www.arvato.ee
2018-04-07 23:38:19 INFO  TC01_VerifyPage:30 - ********Starting Test for TC01_VerifyPage->verifyTitle()********
2018-04-07 23:38:19 INFO  HomePage:24 - Verifying Logo
2018-04-07 23:38:19 INFO  TC01_VerifyPage:33 - ********Finished Test for TC01_VerifyPage->verifyTitle()********
2018-04-07 23:38:19 INFO  TC01_VerifyPage:38 - ********Starting Test for TC01_VerifyPage->verifyTitle()********
2018-04-07 23:38:19 INFO  HomePage:31 - Verifying Logo
2018-04-07 23:38:22 INFO  TestBase:108 - Browser closed
2018-04-07 23:38:22 INFO  TC02_VerifyPage:30 - ********Starting Test for TC02_VerifyPage->verifyTitle()********
2018-04-07 23:38:22 INFO  HomePage:24 - Verifying Logo
2018-04-07 23:38:22 INFO  TC02_VerifyPage:33 - ********Finished Test for TC02_VerifyPage->verifyTitle()********
2018-04-07 23:38:22 INFO  TC02_VerifyPage:38 - ********Starting Test for TC02_VerifyPage->verifyTitle()********
2018-04-07 23:38:22 INFO  HomePage:31 - Verifying Logo
2018-04-07 23:38:25 INFO  TestBase:108 - Browser closed
2018-04-07 23:39:01 INFO  TestBase:69 - Creating instance of chrome browser
2018-04-07 23:39:02 INFO  TestBase:59 - Navigating to URL : http://www.arvato.ee
2018-04-07 23:39:10 INFO  TestBase:69 - Creating instance of chrome browser
2018-04-07 23:39:11 INFO  TestBase:59 - Navigating to URL : http://www.arvato.ee
2018-04-07 23:39:19 INFO  TC01_VerifyPage:30 - ********Starting Test for TC01_VerifyPage->verifyTitle()********
2018-04-07 23:39:19 INFO  HomePage:24 - Verifying Logo
2018-04-07 23:39:19 INFO  TC01_VerifyPage:33 - ********Finished Test for TC01_VerifyPage->verifyTitle()********
2018-04-07 23:39:19 INFO  TC01_VerifyPage:38 - ********Starting Test for TC01_VerifyPage->verifyTitle()********
2018-04-07 23:39:19 INFO  HomePage:31 - Verifying Logo
2018-04-07 23:39:22 INFO  TestBase:108 - Browser closed
2018-04-07 23:39:22 INFO  TC02_VerifyPage:30 - ********Starting Test for TC02_VerifyPage->verifyTitle()********
2018-04-07 23:39:22 INFO  HomePage:24 - Verifying Logo
2018-04-07 23:39:23 INFO  TC02_VerifyPage:33 - ********Finished Test for TC02_VerifyPage->verifyTitle()********
2018-04-07 23:39:23 INFO  TC02_VerifyPage:38 - ********Starting Test for TC02_VerifyPage->verifyTitle()********
2018-04-07 23:39:23 INFO  HomePage:31 - Verifying Logo
2018-04-07 23:39:25 INFO  TestBase:108 - Browser closed
2018-04-07 23:42:01 INFO  TestBase:69 - Creating instance of chrome browser
2018-04-07 23:42:02 INFO  TestBase:59 - Navigating to URL : http://www.arvato.ee
2018-04-07 23:42:11 INFO  TestBase:69 - Creating instance of chrome browser
2018-04-07 23:42:11 INFO  TestBase:59 - Navigating to URL : http://www.arvato.ee
2018-04-07 23:42:19 INFO  TC01_VerifyPage:29 - ********Starting Test for TC01_VerifyPage->verifyTitle()********
2018-04-07 23:42:19 INFO  HomePage:24 - Verifying Logo
2018-04-07 23:42:19 INFO  TC01_VerifyPage:32 - ********Finished Test for TC01_VerifyPage->verifyTitle()********
2018-04-07 23:42:19 INFO  TC01_VerifyPage:37 - ********Starting Test for TC01_VerifyPage->verifyTitle()********
2018-04-07 23:42:19 INFO  HomePage:31 - Verifying Logo
2018-04-07 23:42:22 INFO  TestBase:108 - Browser closed
2018-04-07 23:42:22 INFO  TC02_VerifyPage:30 - ********Starting Test for TC02_VerifyPage->verifyTitle()********
2018-04-07 23:42:22 INFO  HomePage:24 - Verifying Logo
2018-04-07 23:42:22 INFO  TC02_VerifyPage:33 - ********Finished Test for TC02_VerifyPage->verifyTitle()********
2018-04-07 23:42:22 INFO  TC02_VerifyPage:38 - ********Starting Test for TC02_VerifyPage->verifyTitle()********
2018-04-07 23:42:22 INFO  HomePage:31 - Verifying Logo
2018-04-07 23:42:25 INFO  TestBase:108 - Browser closed
2018-04-07 23:45:44 INFO  TestBase:69 - Creating instance of chrome browser
2018-04-07 23:45:45 INFO  TestBase:59 - Navigating to URL : http://www.arvato.ee
2018-04-07 23:45:53 INFO  TC01_VerifyPage:30 - ********Starting Test for TC01_VerifyPage->verifyTitle()********
2018-04-07 23:45:53 INFO  HomePage:24 - Verifying Logo
2018-04-07 23:45:53 INFO  TC01_VerifyPage:33 - ********Finished Test for TC01_VerifyPage->verifyTitle()********
2018-04-07 23:45:53 INFO  TC01_VerifyPage:38 - ********Starting Test for TC01_VerifyPage->verifyTitle()********
2018-04-07 23:45:53 INFO  HomePage:31 - Verifying Logo
2018-04-07 23:45:55 INFO  TestBase:108 - Browser closed
2018-04-07 23:46:23 INFO  TestBase:69 - Creating instance of chrome browser
2018-04-07 23:46:24 INFO  TestBase:59 - Navigating to URL : http://www.arvato.ee
2018-04-07 23:46:41 INFO  TC01_VerifyPage:30 - ********Starting Test for TC01_VerifyPage->verifyTitle()********
2018-04-07 23:46:41 INFO  HomePage:24 - Verifying Logo
2018-04-07 23:46:41 INFO  TC01_VerifyPage:33 - ********Finished Test for TC01_VerifyPage->verifyTitle()********
2018-04-07 23:46:41 INFO  TC01_VerifyPage:38 - ********Starting Test for TC01_VerifyPage->verifyTitle()********
2018-04-07 23:46:41 INFO  HomePage:31 - Verifying Logo
2018-04-07 23:46:43 INFO  TestBase:108 - Browser closed
2018-04-07 23:48:45 INFO  TestBase:69 - Creating instance of chrome browser
2018-04-07 23:48:47 INFO  TestBase:59 - Navigating to URL : http://www.arvato.ee
2018-04-07 23:48:55 INFO  TestBase:69 - Creating instance of chrome browser
2018-04-07 23:48:55 INFO  TestBase:59 - Navigating to URL : http://www.arvato.ee
2018-04-07 23:49:03 INFO  TC01_VerifyPage:30 - ********Starting Test for TC01_VerifyPage->verifyTitle()********
2018-04-07 23:49:03 INFO  HomePage:24 - Verifying Logo
2018-04-07 23:49:03 INFO  TC01_VerifyPage:33 - ********Finished Test for TC01_VerifyPage->verifyTitle()********
2018-04-07 23:49:03 INFO  TC01_VerifyPage:38 - ********Starting Test for TC01_VerifyPage->verifyTitle()********
2018-04-07 23:49:03 INFO  HomePage:31 - Verifying Logo
2018-04-07 23:49:06 INFO  TestBase:108 - Browser closed
2018-04-07 23:49:06 INFO  TC02_VerifyPage:29 - ********Starting Test for TC02_VerifyPage->verifyTitle()********
2018-04-07 23:49:06 INFO  HomePage:24 - Verifying Logo
2018-04-07 23:49:06 INFO  TC02_VerifyPage:32 - ********Finished Test for TC02_VerifyPage->verifyTitle()********
2018-04-07 23:49:06 INFO  TC02_VerifyPage:37 - ********Starting Test for TC02_VerifyPage->verifyTitle()********
2018-04-07 23:49:06 INFO  HomePage:31 - Verifying Logo
2018-04-07 23:49:08 INFO  TestBase:108 - Browser closed
2018-04-07 23:50:40 INFO  TestBase:69 - Creating instance of chrome browser
2018-04-07 23:50:42 INFO  TestBase:59 - Navigating to URL : http://www.arvato.ee
2018-04-07 23:50:50 INFO  TestBase:69 - Creating instance of chrome browser
2018-04-07 23:50:51 INFO  TestBase:59 - Navigating to URL : http://www.arvato.ee
2018-04-07 23:50:59 INFO  TC01_VerifyPage:30 - ********Starting Test for TC01_VerifyPage->verifyTitle()********
2018-04-07 23:50:59 INFO  HomePage:24 - Verifying Logo
2018-04-07 23:50:59 INFO  TC01_VerifyPage:33 - ********Finished Test for TC01_VerifyPage->verifyTitle()********
2018-04-07 23:50:59 INFO  TC01_VerifyPage:38 - ********Starting Test for TC01_VerifyPage->verifyTitle()********
2018-04-07 23:50:59 INFO  HomePage:31 - Verifying Logo
2018-04-07 23:51:01 INFO  TestBase:108 - Browser closed
2018-04-07 23:51:01 INFO  TC02_VerifyPage:30 - ********Starting Test for TC02_VerifyPage->verifyTitle()********
2018-04-07 23:51:01 INFO  HomePage:24 - Verifying Logo
2018-04-07 23:51:01 INFO  TC02_VerifyPage:33 - ********Finished Test for TC02_VerifyPage->verifyTitle()********
2018-04-07 23:51:01 INFO  TC02_VerifyPage:38 - ********Starting Test for TC02_VerifyPage->verifyTitle()********
2018-04-07 23:51:01 INFO  HomePage:31 - Verifying Logo
2018-04-07 23:51:04 INFO  TestBase:108 - Browser closed
2018-04-07 23:51:48 INFO  TestBase:69 - Creating instance of chrome browser
2018-04-07 23:51:50 INFO  TestBase:59 - Navigating to URL : http://www.arvato.ee
2018-04-07 23:51:58 INFO  TestBase:69 - Creating instance of chrome browser
2018-04-07 23:51:59 INFO  TestBase:59 - Navigating to URL : http://www.arvato.ee
2018-04-07 23:52:07 INFO  TC01_VerifyPage:30 - ********Starting Test for TC01_VerifyPage->verifyTitle()********
2018-04-07 23:52:07 INFO  HomePage:24 - Verifying Logo
2018-04-07 23:52:07 INFO  TC01_VerifyPage:33 - ********Finished Test for TC01_VerifyPage->verifyTitle()********
2018-04-07 23:52:07 INFO  TC01_VerifyPage:38 - ********Starting Test for TC01_VerifyPage->verifyTitle()********
2018-04-07 23:52:07 INFO  HomePage:31 - Verifying Logo
2018-04-07 23:52:09 INFO  TestBase:108 - Browser closed
2018-04-07 23:52:10 INFO  TC02_VerifyPage:30 - ********Starting Test for TC02_VerifyPage->verifyTitle()********
2018-04-07 23:52:10 INFO  HomePage:24 - Verifying Logo
2018-04-07 23:52:10 INFO  TC02_VerifyPage:33 - ********Finished Test for TC02_VerifyPage->verifyTitle()********
2018-04-07 23:52:10 INFO  TC02_VerifyPage:38 - ********Starting Test for TC02_VerifyPage->verifyTitle()********
2018-04-07 23:52:10 INFO  HomePage:31 - Verifying Logo
2018-04-07 23:52:12 INFO  TestBase:108 - Browser closed
2018-04-07 23:54:55 INFO  TestBase:69 - Creating instance of chrome browser
2018-04-07 23:54:56 INFO  TestBase:59 - Navigating to URL : http://www.arvato.ee
2018-04-07 23:55:05 INFO  TestBase:69 - Creating instance of chrome browser
2018-04-07 23:55:05 INFO  TestBase:59 - Navigating to URL : http://www.arvato.ee
2018-04-07 23:55:19 INFO  TC01_VerifyPage:30 - ********Starting Test for TC01_VerifyPage->verifyTitle()********
2018-04-07 23:55:19 INFO  HomePage:24 - Verifying Logo
2018-04-07 23:55:19 INFO  TC01_VerifyPage:33 - ********Finished Test for TC01_VerifyPage->verifyTitle()********
2018-04-07 23:55:19 INFO  TC01_VerifyPage:38 - ********Starting Test for TC01_VerifyPage->verifyTitle()********
2018-04-07 23:55:19 INFO  HomePage:31 - Verifying Logo
2018-04-07 23:55:22 INFO  TestBase:108 - Browser closed
2018-04-07 23:55:22 INFO  TC02_VerifyPage:30 - ********Starting Test for TC02_VerifyPage->verifyTitle()********
2018-04-07 23:55:22 INFO  HomePage:24 - Verifying Logo
2018-04-07 23:55:22 INFO  TC02_VerifyPage:33 - ********Finished Test for TC02_VerifyPage->verifyTitle()********
2018-04-07 23:55:22 INFO  TC02_VerifyPage:38 - ********Starting Test for TC02_VerifyPage->verifyTitle()********
2018-04-07 23:55:22 INFO  HomePage:31 - Verifying Logo
2018-04-07 23:55:25 INFO  TestBase:108 - Browser closed
2018-04-07 23:56:45 INFO  TestBase:69 - Creating instance of chrome browser
2018-04-07 23:56:46 INFO  TestBase:59 - Navigating to URL : http://www.arvato.ee
2018-04-07 23:56:54 INFO  TestBase:69 - Creating instance of chrome browser
2018-04-07 23:56:54 INFO  TestBase:59 - Navigating to URL : http://www.arvato.ee
2018-04-07 23:57:02 INFO  TC01_VerifyPage:30 - ********Starting Test for TC01_VerifyPage->verifyTitle()********
2018-04-07 23:57:02 INFO  HomePage:24 - Verifying Logo
2018-04-07 23:57:02 INFO  TC01_VerifyPage:33 - ********Finished Test for TC01_VerifyPage->verifyTitle()********
2018-04-07 23:57:02 INFO  TC01_VerifyPage:38 - ********Starting Test for TC01_VerifyPage->verifyTitle()********
2018-04-07 23:57:02 INFO  HomePage:31 - Verifying Logo
2018-04-07 23:57:05 INFO  TestBase:108 - Browser closed
2018-04-07 23:57:05 INFO  TC02_VerifyPage:30 - ********Starting Test for TC02_VerifyPage->verifyTitle()********
2018-04-07 23:57:05 INFO  HomePage:24 - Verifying Logo
2018-04-07 23:57:05 INFO  TC02_VerifyPage:33 - ********Finished Test for TC02_VerifyPage->verifyTitle()********
2018-04-07 23:57:05 INFO  TC02_VerifyPage:38 - ********Starting Test for TC02_VerifyPage->verifyTitle()********
2018-04-07 23:57:05 INFO  HomePage:31 - Verifying Logo
2018-04-07 23:57:07 INFO  TestBase:108 - Browser closed
2018-04-08 00:03:35 INFO  TestBase:74 - Creating instance of chrome browser
2018-04-08 00:03:36 INFO  TestBase:64 - Navigating to URL : http://www.arvato.ee
2018-04-08 00:03:47 INFO  TC01_VerifyPage:30 - ********Starting Test for TC01_VerifyPage->verifyTitle()********
2018-04-08 00:03:47 INFO  HomePage:24 - Verifying Logo
2018-04-08 00:03:47 INFO  TC01_VerifyPage:33 - ********Finished Test for TC01_VerifyPage->verifyTitle()********
2018-04-08 00:03:47 INFO  TC01_VerifyPage:38 - ********Starting Test for TC01_VerifyPage->verifyTitle()********
2018-04-08 00:03:47 INFO  HomePage:31 - Verifying Logo
2018-04-08 00:03:50 INFO  TestBase:113 - Browser closed
2018-04-08 00:03:50 INFO  TestBase:74 - Creating instance of chrome browser
2018-04-08 00:03:51 INFO  TestBase:64 - Navigating to URL : http://www.arvato.ee
2018-04-08 00:04:00 INFO  TC02_VerifyPage:30 - ********Starting Test for TC02_VerifyPage->verifyTitle()********
2018-04-08 00:04:00 INFO  HomePage:24 - Verifying Logo
2018-04-08 00:04:00 INFO  TC02_VerifyPage:33 - ********Finished Test for TC02_VerifyPage->verifyTitle()********
2018-04-08 00:04:00 INFO  TC02_VerifyPage:38 - ********Starting Test for TC02_VerifyPage->verifyTitle()********
2018-04-08 00:04:00 INFO  HomePage:31 - Verifying Logo
2018-04-08 00:04:02 INFO  TestBase:113 - Browser closed
2018-04-08 00:05:41 INFO  TestBase:74 - Creating instance of chrome browser
2018-04-08 00:05:42 INFO  TestBase:64 - Navigating to URL : http://www.arvato.ee
2018-04-08 00:05:50 INFO  TC01_VerifyPage:30 - ********Starting Test for TC01_VerifyPage->verifyTitle()********
2018-04-08 00:05:50 INFO  HomePage:24 - Verifying Logo
2018-04-08 00:05:50 INFO  TC01_VerifyPage:33 - ********Finished Test for TC01_VerifyPage->verifyTitle()********
2018-04-08 00:05:50 INFO  TC01_VerifyPage:38 - ********Starting Test for TC01_VerifyPage->verifyTitle()********
2018-04-08 00:05:50 INFO  HomePage:31 - Verifying Logo
2018-04-08 00:05:53 INFO  TestBase:113 - Browser closed
2018-04-08 00:05:53 INFO  TestBase:74 - Creating instance of chrome browser
2018-04-08 00:05:54 INFO  TestBase:64 - Navigating to URL : http://www.arvato.ee
2018-04-08 00:06:05 INFO  TC02_VerifyPage:30 - ********Starting Test for TC02_VerifyPage->verifyTitle()********
2018-04-08 00:06:05 INFO  HomePage:24 - Verifying Logo
2018-04-08 00:06:05 INFO  TC02_VerifyPage:33 - ********Finished Test for TC02_VerifyPage->verifyTitle()********
2018-04-08 00:06:05 INFO  TC02_VerifyPage:38 - ********Starting Test for TC02_VerifyPage->verifyTitle()********
2018-04-08 00:06:05 INFO  HomePage:31 - Verifying Logo
2018-04-08 00:06:07 INFO  TestBase:113 - Browser closed
2018-04-08 00:08:28 INFO  TestBase:74 - Creating instance of chrome browser
2018-04-08 00:08:30 INFO  TestBase:64 - Navigating to URL : http://www.arvato.ee
2018-04-08 00:08:38 INFO  TC01_VerifyPage:30 - ********Starting Test for TC01_VerifyPage->verifyTitle()********
2018-04-08 00:08:38 INFO  HomePage:24 - Verifying Logo
2018-04-08 00:08:38 INFO  TC01_VerifyPage:33 - ********Finished Test for TC01_VerifyPage->verifyTitle()********
2018-04-08 00:08:38 INFO  TC01_VerifyPage:38 - ********Starting Test for TC01_VerifyPage->verifyTitle()********
2018-04-08 00:08:38 INFO  HomePage:31 - Verifying Logo
2018-04-08 00:08:41 INFO  TestBase:113 - Browser closed
2018-04-08 00:08:41 INFO  TestBase:74 - Creating instance of chrome browser
2018-04-08 00:08:42 INFO  TestBase:64 - Navigating to URL : http://www.arvato.ee
2018-04-08 00:08:50 INFO  TC02_VerifyPage:30 - ********Starting Test for TC02_VerifyPage->verifyTitle()********
2018-04-08 00:08:50 INFO  HomePage:24 - Verifying Logo
2018-04-08 00:08:50 INFO  TC02_VerifyPage:33 - ********Finished Test for TC02_VerifyPage->verifyTitle()********
2018-04-08 00:08:50 INFO  TC02_VerifyPage:38 - ********Starting Test for TC02_VerifyPage->verifyTitle()********
2018-04-08 00:08:50 INFO  HomePage:31 - Verifying Logo
2018-04-08 00:08:52 INFO  TestBase:113 - Browser closed
2018-04-08 00:09:27 INFO  TestBase:74 - Creating instance of chrome browser
2018-04-08 00:09:29 INFO  TestBase:64 - Navigating to URL : http://www.arvato.ee
2018-04-08 00:09:37 INFO  TC01_VerifyPage:30 - ********Starting Test for TC01_VerifyPage->verifyTitle()********
2018-04-08 00:09:37 INFO  HomePage:24 - Verifying Logo
2018-04-08 00:09:37 INFO  TC01_VerifyPage:33 - ********Finished Test for TC01_VerifyPage->verifyTitle()********
2018-04-08 00:09:37 INFO  TC01_VerifyPage:38 - ********Starting Test for TC01_VerifyPage->verifyTitle()********
2018-04-08 00:09:37 INFO  HomePage:31 - Verifying Logo
2018-04-08 00:09:39 INFO  TestBase:113 - Browser closed
2018-04-08 00:09:39 INFO  TestBase:74 - Creating instance of chrome browser
2018-04-08 00:09:40 INFO  TestBase:64 - Navigating to URL : http://www.arvato.ee
2018-04-08 00:09:48 INFO  TC02_VerifyPage:30 - ********Starting Test for TC02_VerifyPage->verifyTitle()********
2018-04-08 00:09:48 INFO  HomePage:24 - Verifying Logo
2018-04-08 00:09:48 INFO  TC02_VerifyPage:33 - ********Finished Test for TC02_VerifyPage->verifyTitle()********
2018-04-08 00:09:48 INFO  TC02_VerifyPage:38 - ********Starting Test for TC02_VerifyPage->verifyTitle()********
2018-04-08 00:09:48 INFO  HomePage:31 - Verifying Logo
2018-04-08 00:09:50 INFO  TestBase:113 - Browser closed
2018-04-08 00:16:54 INFO  TestBase:76 - Creating instance of chrome browser
2018-04-08 00:16:56 INFO  TestBase:66 - Navigating to URL : http://www.arvato.ee
2018-04-08 00:17:04 INFO  TC01_VerifyPage:30 - ********Starting Test for TC01_VerifyPage->verifyTitle()********
2018-04-08 00:17:04 INFO  HomePage:24 - Verifying Logo
2018-04-08 00:17:04 INFO  TC01_VerifyPage:33 - ********Finished Test for TC01_VerifyPage->verifyTitle()********
2018-04-08 00:17:04 INFO  TC01_VerifyPage:38 - ********Starting Test for TC01_VerifyPage->verifyTitle()********
2018-04-08 00:17:04 INFO  HomePage:31 - Verifying Logo
2018-04-08 00:17:05 INFO  TestBase:115 - Browser closed
2018-04-08 00:17:05 INFO  TestBase:76 - Creating instance of chrome browser
2018-04-08 00:17:06 INFO  TestBase:66 - Navigating to URL : http://www.arvato.ee
2018-04-08 00:17:14 INFO  TC02_VerifyPage:30 - ********Starting Test for TC02_VerifyPage->verifyTitle()********
2018-04-08 00:17:14 INFO  HomePage:24 - Verifying Logo
2018-04-08 00:17:14 INFO  TC02_VerifyPage:33 - ********Finished Test for TC02_VerifyPage->verifyTitle()********
2018-04-08 00:17:14 INFO  TC02_VerifyPage:38 - ********Starting Test for TC02_VerifyPage->verifyTitle()********
2018-04-08 00:17:14 INFO  HomePage:31 - Verifying Logo
2018-04-08 00:17:15 INFO  TestBase:115 - Browser closed
2018-04-08 00:37:51 INFO  TestBase:82 - Creating instance of chrome browser
2018-04-08 00:37:52 INFO  TestBase:72 - Navigating to URL : http://www.arvato.ee
2018-04-08 00:38:01 INFO  TC01_VerifyPage:30 - ********Starting Test for TC01_VerifyPage->verifyTitle()********
2018-04-08 00:38:01 INFO  HomePage:24 - Verifying Logo
2018-04-08 00:38:01 INFO  TC01_VerifyPage:33 - ********Finished Test for TC01_VerifyPage->verifyTitle()********
2018-04-08 00:38:01 INFO  TC01_VerifyPage:38 - ********Starting Test for TC01_VerifyPage->verifyTitle()********
2018-04-08 00:38:01 INFO  HomePage:31 - Verifying Logo
2018-04-08 00:38:03 INFO  TestBase:121 - Browser closed
2018-04-08 00:38:03 INFO  TestBase:82 - Creating instance of chrome browser
2018-04-08 00:38:04 INFO  TestBase:72 - Navigating to URL : http://www.arvato.ee
2018-04-08 00:38:12 INFO  TC02_VerifyPage:30 - ********Starting Test for TC02_VerifyPage->verifyTitle()********
2018-04-08 00:38:12 INFO  HomePage:24 - Verifying Logo
2018-04-08 00:38:12 INFO  TC02_VerifyPage:33 - ********Finished Test for TC02_VerifyPage->verifyTitle()********
2018-04-08 00:38:12 INFO  TC02_VerifyPage:38 - ********Starting Test for TC02_VerifyPage->verifyTitle()********
2018-04-08 00:38:12 INFO  HomePage:31 - Verifying Logo
2018-04-08 00:38:13 INFO  TestBase:121 - Browser closed
2018-04-08 00:39:41 INFO  TestBase:82 - Creating instance of chrome browser
2018-04-08 00:39:42 INFO  TestBase:72 - Navigating to URL : http://www.arvato.ee
2018-04-08 00:39:50 INFO  TC01_VerifyPage:30 - ********Starting Test for TC01_VerifyPage->verifyTitle()********
2018-04-08 00:39:50 INFO  HomePage:24 - Verifying Logo
2018-04-08 00:39:51 INFO  TC01_VerifyPage:33 - ********Finished Test for TC01_VerifyPage->verifyTitle()********
2018-04-08 00:39:51 INFO  TC01_VerifyPage:38 - ********Starting Test for TC01_VerifyPage->verifyTitle()********
2018-04-08 00:39:51 INFO  HomePage:31 - Verifying Logo
2018-04-08 00:39:53 INFO  TestBase:121 - Browser closed
2018-04-08 00:39:53 INFO  TestBase:82 - Creating instance of chrome browser
2018-04-08 00:39:54 INFO  TestBase:72 - Navigating to URL : http://www.arvato.ee
2018-04-08 00:40:02 INFO  TC02_VerifyPage:30 - ********Starting Test for TC02_VerifyPage->verifyTitle()********
2018-04-08 00:40:02 INFO  HomePage:24 - Verifying Logo
2018-04-08 00:40:02 INFO  TC02_VerifyPage:33 - ********Finished Test for TC02_VerifyPage->verifyTitle()********
2018-04-08 00:40:02 INFO  TC02_VerifyPage:38 - ********Starting Test for TC02_VerifyPage->verifyTitle()********
2018-04-08 00:40:02 INFO  HomePage:31 - Verifying Logo
2018-04-08 00:40:04 INFO  TestBase:121 - Browser closed
2018-04-08 00:41:22 INFO  TestBase:82 - Creating instance of chrome browser
2018-04-08 00:41:24 INFO  TestBase:72 - Navigating to URL : http://www.arvato.ee
2018-04-08 00:41:32 INFO  TC01_VerifyPage:30 - ********Starting Test for TC01_VerifyPage->verifyTitle()********
2018-04-08 00:41:32 INFO  HomePage:24 - Verifying Logo
2018-04-08 00:41:32 INFO  TC01_VerifyPage:33 - ********Finished Test for TC01_VerifyPage->verifyTitle()********
2018-04-08 00:41:32 INFO  TC01_VerifyPage:38 - ********Starting Test for TC01_VerifyPage->verifyTitle()********
2018-04-08 00:41:32 INFO  HomePage:31 - Verifying Logo
2018-04-08 00:41:34 INFO  TestBase:121 - Browser closed
2018-04-08 00:41:34 INFO  TestBase:82 - Creating instance of chrome browser
2018-04-08 00:41:35 INFO  TestBase:72 - Navigating to URL : http://www.arvato.ee
2018-04-08 00:41:43 INFO  TC02_VerifyPage:30 - ********Starting Test for TC02_VerifyPage->verifyTitle()********
2018-04-08 00:41:43 INFO  HomePage:24 - Verifying Logo
2018-04-08 00:41:43 INFO  TC02_VerifyPage:33 - ********Finished Test for TC02_VerifyPage->verifyTitle()********
2018-04-08 00:41:43 INFO  TC02_VerifyPage:38 - ********Starting Test for TC02_VerifyPage->verifyTitle()********
2018-04-08 00:41:43 INFO  HomePage:31 - Verifying Logo
2018-04-08 00:41:44 INFO  TestBase:121 - Browser closed
2018-04-08 00:47:22 INFO  TestBase:82 - Creating instance of chrome browser
2018-04-08 00:47:23 INFO  TestBase:72 - Navigating to URL : http://www.arvato.ee
2018-04-08 00:47:33 INFO  TC01_VerifyPage:30 - ********Starting Test for TC01_VerifyPage->verifyTitle()********
2018-04-08 00:47:33 INFO  HomePage:24 - Verifying Logo
2018-04-08 00:47:33 INFO  TC01_VerifyPage:33 - ********Finished Test for TC01_VerifyPage->verifyTitle()********
2018-04-08 00:47:33 INFO  TC01_VerifyPage:38 - ********Starting Test for TC01_VerifyPage->verifyTitle()********
2018-04-08 00:47:33 INFO  HomePage:31 - Verifying Logo
2018-04-08 00:47:35 INFO  TestBase:121 - Browser closed
2018-04-08 00:47:35 INFO  TestBase:82 - Creating instance of chrome browser
2018-04-08 00:47:36 INFO  TestBase:72 - Navigating to URL : http://www.arvato.ee
2018-04-08 00:47:47 INFO  TC02_VerifyPage:30 - ********Starting Test for TC02_VerifyPage->verifyTitle()********
2018-04-08 00:47:47 INFO  HomePage:24 - Verifying Logo
2018-04-08 00:47:47 INFO  TC02_VerifyPage:33 - ********Finished Test for TC02_VerifyPage->verifyTitle()********
2018-04-08 00:47:47 INFO  TC02_VerifyPage:38 - ********Starting Test for TC02_VerifyPage->verifyTitle()********
2018-04-08 00:47:47 INFO  HomePage:31 - Verifying Logo
2018-04-08 00:47:49 INFO  TestBase:121 - Browser closed
2018-04-08 07:05:07 INFO  TestBase:82 - Creating instance of chrome browser
2018-04-08 07:05:10 INFO  TestBase:72 - Navigating to URL : http://www.arvato.ee
2018-04-08 07:06:48 INFO  TestBase:82 - Creating instance of chrome browser
2018-04-08 07:06:50 INFO  TestBase:72 - Navigating to URL : http://www.arvato.ee
2018-04-08 07:10:11 INFO  TestBase:82 - Creating instance of chrome browser
2018-04-08 07:10:18 INFO  TestBase:72 - Navigating to URL : http://www.arvato.ee
2018-04-08 07:11:33 INFO  TestBase:82 - Creating instance of chrome browser
2018-04-08 07:11:35 INFO  TestBase:72 - Navigating to URL : http://www.arvato.ee
2018-04-08 07:11:43 INFO  TC01_VerifyPage:44 - ********Starting Test for TC01_VerifyPage->verifyTitle()********
2018-04-08 07:11:43 INFO  HomePage:24 - Verifying Logo
2018-04-08 07:11:43 INFO  TC01_VerifyPage:47 - ********Finished Test for TC01_VerifyPage->verifyTitle()********
2018-04-08 07:11:43 INFO  TestBase:121 - Browser closed
2018-04-08 07:24:31 INFO  TestBase:83 - Creating instance of chrome browser
2018-04-08 07:24:33 INFO  TestBase:73 - Navigating to URL : http://www.arvato.ee
2018-04-08 07:24:42 INFO  TC01_VerifyPage:44 - ********Starting Test for TC01_VerifyPage->verifyTitle()********
2018-04-08 07:24:42 INFO  HomePage:24 - Verifying Logo
2018-04-08 07:24:42 INFO  TC01_VerifyPage:47 - ********Finished Test for TC01_VerifyPage->verifyTitle()********
2018-04-08 07:24:42 INFO  TestBase:122 - Browser closed
2018-04-08 07:25:06 INFO  TestBase:83 - Creating instance of chrome browser
2018-04-08 07:25:08 INFO  TestBase:73 - Navigating to URL : http://www.arvato.ee
2018-04-08 07:27:31 INFO  TestBase:83 - Creating instance of chrome browser
2018-04-08 07:27:33 INFO  TestBase:73 - Navigating to URL : http://www.arvato.ee
2018-04-08 07:31:47 INFO  TestBase:83 - Creating instance of chrome browser
2018-04-08 07:31:48 INFO  TestBase:73 - Navigating to URL : http://www.arvato.ee
2018-04-08 07:35:16 INFO  TestBase:83 - Creating instance of chrome browser
2018-04-08 07:35:17 INFO  TestBase:73 - Navigating to URL : http://www.arvato.ee
2018-04-08 07:35:37 INFO  TestBase:83 - Creating instance of chrome browser
2018-04-08 07:35:38 INFO  TestBase:73 - Navigating to URL : http://www.arvato.ee
2018-04-08 07:41:07 INFO  TestBase:83 - Creating instance of chrome browser
2018-04-08 07:41:08 INFO  TestBase:73 - Navigating to URL : http://www.arvato.ee
2018-04-08 07:42:07 INFO  TestBase:122 - Browser closed
2018-04-08 07:45:33 INFO  TestBase:83 - Creating instance of chrome browser
2018-04-08 07:45:34 INFO  TestBase:73 - Navigating to URL : http://www.arvato.ee
2018-04-08 07:46:15 INFO  TestBase:122 - Browser closed
2018-04-08 07:47:19 INFO  TestBase:83 - Creating instance of chrome browser
2018-04-08 07:47:20 INFO  TestBase:73 - Navigating to URL : http://www.arvato.ee
2018-04-08 07:48:52 INFO  TestBase:122 - Browser closed
2018-04-08 07:51:36 INFO  TestBase:83 - Creating instance of chrome browser
2018-04-08 07:51:37 INFO  TestBase:73 - Navigating to URL : http://www.arvato.ee
2018-04-08 07:52:54 INFO  TestBase:122 - Browser closed
2018-04-08 08:00:43 INFO  TestBase:83 - Creating instance of chrome browser
2018-04-08 08:00:44 INFO  TestBase:73 - Navigating to URL : http://www.arvato.ee
2018-04-08 08:02:03 INFO  TestBase:122 - Browser closed
2018-04-08 08:07:03 INFO  TestBase:83 - Creating instance of chrome browser
2018-04-08 08:07:04 INFO  TestBase:73 - Navigating to URL : http://www.arvato.ee
2018-04-08 08:08:33 INFO  TestBase:122 - Browser closed
2018-04-08 08:25:58 INFO  TestBase:83 - Creating instance of chrome browser
2018-04-08 08:26:00 INFO  TestBase:73 - Navigating to URL : http://www.arvato.ee
2018-04-08 08:26:20 INFO  TestBase:122 - Browser closed
2018-04-08 08:28:13 INFO  TestBase:83 - Creating instance of chrome browser
2018-04-08 08:28:15 INFO  TestBase:73 - Navigating to URL : http://www.arvato.ee
2018-04-08 08:28:33 INFO  TestBase:122 - Browser closed
2018-04-08 08:33:38 INFO  TestBase:83 - Creating instance of chrome browser
2018-04-08 08:33:39 INFO  TestBase:73 - Navigating to URL : http://www.arvato.ee
2018-04-08 08:34:30 INFO  TestBase:122 - Browser closed
2018-04-08 08:36:21 INFO  TestBase:83 - Creating instance of chrome browser
2018-04-08 08:36:22 INFO  TestBase:73 - Navigating to URL : http://www.arvato.ee
2018-04-08 08:36:39 INFO  TestBase:122 - Browser closed
2018-04-08 08:47:17 INFO  TestBase:83 - Creating instance of chrome browser
2018-04-08 08:47:19 INFO  TestBase:73 - Navigating to URL : http://www.arvato.ee
2018-04-08 08:47:33 INFO  TestBase:122 - Browser closed
2018-04-08 08:54:00 INFO  TestBase:83 - Creating instance of chrome browser
2018-04-08 08:54:01 INFO  TestBase:73 - Navigating to URL : http://www.arvato.ee
2018-04-08 08:54:21 INFO  TestBase:122 - Browser closed
2018-04-08 08:54:50 INFO  TestBase:83 - Creating instance of chrome browser
2018-04-08 08:54:51 INFO  TestBase:73 - Navigating to URL : http://www.arvato.ee
2018-04-08 08:57:33 INFO  TestBase:83 - Creating instance of chrome browser
2018-04-08 08:57:35 INFO  TestBase:73 - Navigating to URL : http://www.arvato.ee
2018-04-08 08:57:57 INFO  TestBase:122 - Browser closed
2018-04-08 09:07:15 INFO  TestBase:83 - Creating instance of chrome browser
2018-04-08 09:07:17 INFO  TestBase:73 - Navigating to URL : http://www.arvato.ee
2018-04-08 09:08:19 INFO  TestBase:122 - Browser closed
2018-04-08 09:22:37 INFO  TestBase:83 - Creating instance of chrome browser
2018-04-08 09:22:39 INFO  TestBase:73 - Navigating to URL : http://www.arvato.ee
2018-04-08 09:23:38 INFO  TestBase:122 - Browser closed
2018-04-08 09:25:51 INFO  TestBase:83 - Creating instance of chrome browser
2018-04-08 09:25:53 INFO  TestBase:73 - Navigating to URL : http://www.arvato.ee
2018-04-08 09:26:20 INFO  TestBase:122 - Browser closed
2018-04-08 09:41:35 INFO  TestBase:83 - Creating instance of chrome browser
2018-04-08 09:41:37 INFO  TestBase:73 - Navigating to URL : http://www.arvato.ee
2018-04-08 09:42:00 INFO  TestBase:83 - Creating instance of chrome browser
2018-04-08 09:42:02 INFO  TestBase:73 - Navigating to URL : http://www.arvato.ee
2018-04-08 09:52:34 INFO  TestBase:83 - Creating instance of chrome browser
2018-04-08 09:52:36 INFO  TestBase:73 - Navigating to URL : http://www.arvato.ee
2018-04-08 09:53:32 INFO  TestBase:122 - Browser closed
2018-04-08 10:04:52 INFO  TestBase:83 - Creating instance of chrome browser
2018-04-08 10:04:54 INFO  TestBase:73 - Navigating to URL : http://www.arvato.ee
2018-04-08 10:05:48 INFO  TestBase:122 - Browser closed
2018-04-08 10:11:01 INFO  TestBase:83 - Creating instance of chrome browser
2018-04-08 10:11:03 INFO  TestBase:73 - Navigating to URL : http://www.arvato.ee
2018-04-08 10:11:25 INFO  TestBase:122 - Browser closed
2018-04-08 10:17:24 INFO  TestBase:83 - Creating instance of chrome browser
2018-04-08 10:17:26 INFO  TestBase:73 - Navigating to URL : http://www.arvato.ee
2018-04-08 10:18:51 INFO  TestBase:122 - Browser closed
2018-04-08 10:18:51 INFO  TestBase:83 - Creating instance of chrome browser
2018-04-08 10:18:52 INFO  TestBase:73 - Navigating to URL : http://www.arvato.ee
2018-04-08 10:19:09 INFO  TestBase:122 - Browser closed
2018-04-08 10:19:09 INFO  TestBase:83 - Creating instance of chrome browser
2018-04-08 10:19:10 INFO  TestBase:73 - Navigating to URL : http://www.arvato.ee
2018-04-08 10:19:21 INFO  TestBase:122 - Browser closed
2018-04-08 10:19:21 INFO  TestBase:83 - Creating instance of chrome browser
2018-04-08 10:19:22 INFO  TestBase:73 - Navigating to URL : http://www.arvato.ee
2018-04-08 10:19:43 INFO  TestBase:122 - Browser closed
2018-04-08 10:19:43 INFO  TestBase:83 - Creating instance of chrome browser
2018-04-08 10:19:44 INFO  TestBase:73 - Navigating to URL : http://www.arvato.ee
2018-04-08 10:20:10 INFO  TestBase:122 - Browser closed
2018-04-08 10:20:10 INFO  TestBase:83 - Creating instance of chrome browser
2018-04-08 10:20:11 INFO  TestBase:73 - Navigating to URL : http://www.arvato.ee
2018-04-08 10:20:31 INFO  TestBase:122 - Browser closed
2018-04-08 10:22:59 INFO  TestBase:83 - Creating instance of chrome browser
2018-04-08 10:22:59 INFO  TestBase:83 - Creating instance of chrome browser
2018-04-08 10:22:59 INFO  TestBase:83 - Creating instance of chrome browser
2018-04-08 10:23:01 INFO  TestBase:73 - Navigating to URL : http://www.arvato.ee
2018-04-08 10:23:01 INFO  TestBase:73 - Navigating to URL : http://www.arvato.ee
2018-04-08 10:23:01 INFO  TestBase:73 - Navigating to URL : http://www.arvato.ee
2018-04-08 10:23:16 INFO  TestBase:122 - Browser closed
2018-04-08 10:23:17 INFO  TestBase:83 - Creating instance of chrome browser
2018-04-08 10:23:18 INFO  TestBase:73 - Navigating to URL : http://www.arvato.ee
2018-04-08 10:23:22 INFO  TestBase:122 - Browser closed
2018-04-08 10:23:22 INFO  TestBase:83 - Creating instance of chrome browser
2018-04-08 10:23:23 INFO  TestBase:73 - Navigating to URL : http://www.arvato.ee
2018-04-08 10:23:43 INFO  TestBase:122 - Browser closed
2018-04-08 10:23:43 INFO  TestBase:83 - Creating instance of chrome browser
2018-04-08 10:23:44 INFO  TestBase:73 - Navigating to URL : http://www.arvato.ee
2018-04-08 10:23:56 INFO  TestBase:122 - Browser closed
2018-04-08 10:24:06 INFO  TestBase:122 - Browser closed
2018-04-08 10:24:35 INFO  TestBase:122 - Browser closed
2018-04-09 01:29:43 INFO  TestBase:83 - Creating instance of chrome browser
2018-04-09 01:29:43 INFO  TestBase:83 - Creating instance of chrome browser
2018-04-09 01:29:43 INFO  TestBase:83 - Creating instance of chrome browser
2018-04-09 01:29:50 INFO  TestBase:73 - Navigating to URL : http://www.arvato.ee
2018-04-09 01:29:50 INFO  TestBase:73 - Navigating to URL : http://www.arvato.ee
2018-04-09 01:29:51 INFO  TestBase:73 - Navigating to URL : http://www.arvato.ee
2018-04-09 01:30:11 INFO  TestBase:122 - Browser closed
2018-04-09 01:30:13 INFO  TestBase:122 - Browser closed
2018-04-09 01:30:13 INFO  TestBase:83 - Creating instance of chrome browser
2018-04-09 01:30:13 INFO  TestBase:83 - Creating instance of chrome browser
2018-04-09 01:30:36 INFO  TestBase:83 - Creating instance of chrome browser
2018-04-09 01:30:38 INFO  TestBase:73 - Navigating to URL : http://www.arvato.ee
2018-04-09 01:31:08 INFO  TestBase:122 - Browser closed
2018-04-09 01:31:33 INFO  TestBase:122 - Browser closed
2018-04-09 01:34:17 INFO  TestBase:83 - Creating instance of chrome browser
2018-04-09 01:34:17 INFO  TestBase:83 - Creating instance of chrome browser
2018-04-09 01:34:17 INFO  TestBase:83 - Creating instance of chrome browser
2018-04-09 01:34:19 INFO  TestBase:73 - Navigating to URL : http://www.arvato.ee
2018-04-09 01:34:19 INFO  TestBase:73 - Navigating to URL : http://www.arvato.ee
2018-04-09 01:34:20 INFO  TestBase:73 - Navigating to URL : http://www.arvato.ee
2018-04-09 01:34:32 INFO  TestBase:122 - Browser closed
2018-04-09 01:34:32 INFO  TestBase:83 - Creating instance of chrome browser
2018-04-09 01:34:34 INFO  TestBase:73 - Navigating to URL : http://www.arvato.ee
2018-04-09 01:34:39 INFO  TestBase:122 - Browser closed
2018-04-09 01:34:40 INFO  TestBase:83 - Creating instance of chrome browser
2018-04-09 01:34:41 INFO  TestBase:73 - Navigating to URL : http://www.arvato.ee
2018-04-09 01:34:55 INFO  TestBase:122 - Browser closed
2018-04-09 01:34:55 INFO  TestBase:83 - Creating instance of chrome browser
2018-04-09 01:34:56 INFO  TestBase:73 - Navigating to URL : http://www.arvato.ee
2018-04-09 01:35:12 INFO  TestBase:122 - Browser closed
2018-04-09 01:35:17 INFO  TestBase:122 - Browser closed
2018-04-09 01:35:53 INFO  TestBase:122 - Browser closed
2018-04-09 01:36:55 INFO  TestBase:83 - Creating instance of chrome browser
2018-04-09 01:36:55 INFO  TestBase:83 - Creating instance of chrome browser
2018-04-09 01:36:55 INFO  TestBase:83 - Creating instance of chrome browser
2018-04-09 01:37:00 INFO  TestBase:73 - Navigating to URL : http://www.arvato.ee
2018-04-09 01:37:01 INFO  TestBase:73 - Navigating to URL : http://www.arvato.ee
2018-04-09 01:37:02 INFO  TestBase:73 - Navigating to URL : http://www.arvato.ee
2018-04-09 01:37:23 INFO  TestBase:122 - Browser closed
2018-04-09 01:37:24 INFO  TestBase:122 - Browser closed
2018-04-09 01:37:25 INFO  TestBase:83 - Creating instance of chrome browser
2018-04-09 01:37:25 INFO  TestBase:83 - Creating instance of chrome browser
2018-04-09 01:37:49 INFO  TestBase:83 - Creating instance of chrome browser
2018-04-09 01:37:53 INFO  TestBase:73 - Navigating to URL : http://www.arvato.ee
2018-04-09 01:38:19 INFO  TestBase:122 - Browser closed
2018-04-09 01:38:48 INFO  TestBase:122 - Browser closed
2018-04-09 01:40:22 INFO  TestBase:83 - Creating instance of chrome browser
2018-04-09 01:40:21 INFO  TestBase:83 - Creating instance of chrome browser
2018-04-09 01:40:25 INFO  TestBase:73 - Navigating to URL : http://www.arvato.ee
2018-04-09 01:40:26 INFO  TestBase:73 - Navigating to URL : http://www.arvato.ee
2018-04-09 01:40:45 INFO  TestBase:122 - Browser closed
2018-04-09 01:40:46 INFO  TestBase:83 - Creating instance of chrome browser
2018-04-09 01:40:50 INFO  TestBase:73 - Navigating to URL : http://www.arvato.ee
2018-04-09 01:41:03 INFO  TestBase:122 - Browser closed
2018-04-09 01:41:03 INFO  TestBase:83 - Creating instance of chrome browser
2018-04-09 01:41:05 INFO  TestBase:73 - Navigating to URL : http://www.arvato.ee
2018-04-09 01:41:32 INFO  TestBase:122 - Browser closed
2018-04-09 01:41:32 INFO  TestBase:83 - Creating instance of chrome browser
2018-04-09 01:41:35 INFO  TestBase:73 - Navigating to URL : http://www.arvato.ee
2018-04-09 01:42:04 INFO  TestBase:122 - Browser closed
2018-04-09 01:42:12 INFO  TestBase:83 - Creating instance of chrome browser
2018-04-09 01:42:16 INFO  TestBase:122 - Browser closed
2018-04-09 01:42:17 INFO  TestBase:73 - Navigating to URL : http://www.arvato.ee
2018-04-09 01:42:39 INFO  TestBase:122 - Browser closed
